<?xml version="1.0" encoding="UTF-8"?>
<testsuite name="guru.qa.FirstTest" tests="1" skipped="0" failures="1" errors="0" timestamp="2021-10-30T00:29:49" hostname="CPX-R1WAMCSDQ26" time="20.961">
  <properties/>
  <testcase name="firstTest()" classname="guru.qa.FirstTest" time="20.961">
    <failure message="Invalid element state: element click intercepted: Element &lt;div class=&quot; css-2b097c-container&quot; id=&quot;state&quot;&gt;...&lt;/div&gt; is not clickable at point (613, 662). Other element would receive the click: &lt;iframe id=&quot;google_ads_iframe_/21849154601,22343295815/Ad.Plus-Anchor_0&quot; title=&quot;3rd party ad content&quot; name=&quot;google_ads_iframe_/21849154601,22343295815/Ad.Plus-Anchor_0&quot; width=&quot;970&quot; height=&quot;100&quot; scrolling=&quot;no&quot; marginwidth=&quot;0&quot; marginheight=&quot;0&quot; frameborder=&quot;0&quot; sandbox=&quot;allow-forms allow-popups allow-popups-to-escape-sandbox allow-same-origin allow-scripts allow-top-navigation-by-user-activation&quot; srcdoc=&quot;&quot; data-google-container-id=&quot;1&quot; style=&quot;border: 0px; vertical-align: bottom;&quot; data-load-complete=&quot;true&quot;&gt;&lt;/iframe&gt;&#13;&#10;Screenshot: file:/C:/Users/viktoria.klisheva/IdeaProjects/demoqa-tests-9-home1/build/reports/tests/1635553810090.0.png&#13;&#10;Page source: file:/C:/Users/viktoria.klisheva/IdeaProjects/demoqa-tests-9-home1/build/reports/tests/1635553810090.0.html&#13;&#10;Timeout: 4 s.&#13;&#10;Caused by: ElementClickInterceptedException: element click intercepted: Element &lt;div class=&quot; css-2b097c-container&quot; id=&quot;state&quot;&gt;...&lt;/div&gt; is not clickable at point (613, 662). Other element would receive the click: &lt;iframe id=&quot;google_ads_iframe_/21849154601,22343295815/Ad.Plus-Anchor_0&quot; title=&quot;3rd party ad content&quot; name=&quot;google_ads_iframe_/21849154601,22343295815/Ad.Plus-Anchor_0&quot; width=&quot;970&quot; height=&quot;100&quot; scrolling=&quot;no&quot; marginwidth=&quot;0&quot; marginheight=&quot;0&quot; frameborder=&quot;0&quot; sandbox=&quot;allow-forms allow-popups allow-popups-to-escape-sandbox allow-same-origin allow-scripts allow-top-navigation-by-user-activation&quot; srcdoc=&quot;&quot; data-google-container-id=&quot;1&quot; style=&quot;border: 0px; vertical-align: bottom;&quot; data-load-complete=&quot;true&quot;&gt;&lt;/iframe&gt;" type="com.codeborne.selenide.ex.InvalidStateException">Invalid element state: element click intercepted: Element &lt;div class=&quot; css-2b097c-container&quot; id=&quot;state&quot;&gt;...&lt;/div&gt; is not clickable at point (613, 662). Other element would receive the click: &lt;iframe id=&quot;google_ads_iframe_/21849154601,22343295815/Ad.Plus-Anchor_0&quot; title=&quot;3rd party ad content&quot; name=&quot;google_ads_iframe_/21849154601,22343295815/Ad.Plus-Anchor_0&quot; width=&quot;970&quot; height=&quot;100&quot; scrolling=&quot;no&quot; marginwidth=&quot;0&quot; marginheight=&quot;0&quot; frameborder=&quot;0&quot; sandbox=&quot;allow-forms allow-popups allow-popups-to-escape-sandbox allow-same-origin allow-scripts allow-top-navigation-by-user-activation&quot; srcdoc=&quot;&quot; data-google-container-id=&quot;1&quot; style=&quot;border: 0px; vertical-align: bottom;&quot; data-load-complete=&quot;true&quot;&gt;&lt;/iframe&gt;
Screenshot: file:/C:/Users/viktoria.klisheva/IdeaProjects/demoqa-tests-9-home1/build/reports/tests/1635553810090.0.png
Page source: file:/C:/Users/viktoria.klisheva/IdeaProjects/demoqa-tests-9-home1/build/reports/tests/1635553810090.0.html
Timeout: 4 s.
Caused by: ElementClickInterceptedException: element click intercepted: Element &lt;div class=&quot; css-2b097c-container&quot; id=&quot;state&quot;&gt;...&lt;/div&gt; is not clickable at point (613, 662). Other element would receive the click: &lt;iframe id=&quot;google_ads_iframe_/21849154601,22343295815/Ad.Plus-Anchor_0&quot; title=&quot;3rd party ad content&quot; name=&quot;google_ads_iframe_/21849154601,22343295815/Ad.Plus-Anchor_0&quot; width=&quot;970&quot; height=&quot;100&quot; scrolling=&quot;no&quot; marginwidth=&quot;0&quot; marginheight=&quot;0&quot; frameborder=&quot;0&quot; sandbox=&quot;allow-forms allow-popups allow-popups-to-escape-sandbox allow-same-origin allow-scripts allow-top-navigation-by-user-activation&quot; srcdoc=&quot;&quot; data-google-container-id=&quot;1&quot; style=&quot;border: 0px; vertical-align: bottom;&quot; data-load-complete=&quot;true&quot;&gt;&lt;/iframe&gt;
	at com.codeborne.selenide.impl.ExceptionWrapper.wrap(ExceptionWrapper.java:26)
	at com.codeborne.selenide.impl.SelenideElementProxy.dispatchAndRetry(SelenideElementProxy.java:156)
	at com.codeborne.selenide.impl.SelenideElementProxy.invoke(SelenideElementProxy.java:86)
	at com.sun.proxy.$Proxy15.click(Unknown Source)
	at guru.qa.FirstTest.firstTest(FirstTest.java:56)
	at sun.reflect.NativeMethodAccessorImpl.invoke0(Native Method)
	at sun.reflect.NativeMethodAccessorImpl.invoke(NativeMethodAccessorImpl.java:62)
	at sun.reflect.DelegatingMethodAccessorImpl.invoke(DelegatingMethodAccessorImpl.java:43)
	at java.lang.reflect.Method.invoke(Method.java:498)
	at org.junit.platform.commons.util.ReflectionUtils.invokeMethod(ReflectionUtils.java:725)
	at org.junit.jupiter.engine.execution.MethodInvocation.proceed(MethodInvocation.java:60)
	at org.junit.jupiter.engine.execution.InvocationInterceptorChain$ValidatingInvocation.proceed(InvocationInterceptorChain.java:131)
	at org.junit.jupiter.engine.extension.TimeoutExtension.intercept(TimeoutExtension.java:149)
	at org.junit.jupiter.engine.extension.TimeoutExtension.interceptTestableMethod(TimeoutExtension.java:140)
	at org.junit.jupiter.engine.extension.TimeoutExtension.interceptTestMethod(TimeoutExtension.java:84)
	at org.junit.jupiter.engine.execution.ExecutableInvoker$ReflectiveInterceptorCall.lambda$ofVoidMethod$0(ExecutableInvoker.java:115)
	at org.junit.jupiter.engine.execution.ExecutableInvoker.lambda$invoke$0(ExecutableInvoker.java:105)
	at org.junit.jupiter.engine.execution.InvocationInterceptorChain$InterceptedInvocation.proceed(InvocationInterceptorChain.java:106)
	at org.junit.jupiter.engine.execution.InvocationInterceptorChain.proceed(InvocationInterceptorChain.java:64)
	at org.junit.jupiter.engine.execution.InvocationInterceptorChain.chainAndInvoke(InvocationInterceptorChain.java:45)
	at org.junit.jupiter.engine.execution.InvocationInterceptorChain.invoke(InvocationInterceptorChain.java:37)
	at org.junit.jupiter.engine.execution.ExecutableInvoker.invoke(ExecutableInvoker.java:104)
	at org.junit.jupiter.engine.execution.ExecutableInvoker.invoke(ExecutableInvoker.java:98)
	at org.junit.jupiter.engine.descriptor.TestMethodTestDescriptor.lambda$invokeTestMethod$7(TestMethodTestDescriptor.java:214)
	at org.junit.platform.engine.support.hierarchical.ThrowableCollector.execute(ThrowableCollector.java:73)
	at org.junit.jupiter.engine.descriptor.TestMethodTestDescriptor.invokeTestMethod(TestMethodTestDescriptor.java:210)
	at org.junit.jupiter.engine.descriptor.TestMethodTestDescriptor.execute(TestMethodTestDescriptor.java:135)
	at org.junit.jupiter.engine.descriptor.TestMethodTestDescriptor.execute(TestMethodTestDescriptor.java:66)
	at org.junit.platform.engine.support.hierarchical.NodeTestTask.lambda$executeRecursively$6(NodeTestTask.java:151)
	at org.junit.platform.engine.support.hierarchical.ThrowableCollector.execute(ThrowableCollector.java:73)
	at org.junit.platform.engine.support.hierarchical.NodeTestTask.lambda$executeRecursively$8(NodeTestTask.java:141)
	at org.junit.platform.engine.support.hierarchical.Node.around(Node.java:137)
	at org.junit.platform.engine.support.hierarchical.NodeTestTask.lambda$executeRecursively$9(NodeTestTask.java:139)
	at org.junit.platform.engine.support.hierarchical.ThrowableCollector.execute(ThrowableCollector.java:73)
	at org.junit.platform.engine.support.hierarchical.NodeTestTask.executeRecursively(NodeTestTask.java:138)
	at org.junit.platform.engine.support.hierarchical.NodeTestTask.execute(NodeTestTask.java:95)
	at java.util.ArrayList.forEach(ArrayList.java:1259)
	at org.junit.platform.engine.support.hierarchical.SameThreadHierarchicalTestExecutorService.invokeAll(SameThreadHierarchicalTestExecutorService.java:41)
	at org.junit.platform.engine.support.hierarchical.NodeTestTask.lambda$executeRecursively$6(NodeTestTask.java:155)
	at org.junit.platform.engine.support.hierarchical.ThrowableCollector.execute(ThrowableCollector.java:73)
	at org.junit.platform.engine.support.hierarchical.NodeTestTask.lambda$executeRecursively$8(NodeTestTask.java:141)
	at org.junit.platform.engine.support.hierarchical.Node.around(Node.java:137)
	at org.junit.platform.engine.support.hierarchical.NodeTestTask.lambda$executeRecursively$9(NodeTestTask.java:139)
	at org.junit.platform.engine.support.hierarchical.ThrowableCollector.execute(ThrowableCollector.java:73)
	at org.junit.platform.engine.support.hierarchical.NodeTestTask.executeRecursively(NodeTestTask.java:138)
	at org.junit.platform.engine.support.hierarchical.NodeTestTask.execute(NodeTestTask.java:95)
	at java.util.ArrayList.forEach(ArrayList.java:1259)
	at org.junit.platform.engine.support.hierarchical.SameThreadHierarchicalTestExecutorService.invokeAll(SameThreadHierarchicalTestExecutorService.java:41)
	at org.junit.platform.engine.support.hierarchical.NodeTestTask.lambda$executeRecursively$6(NodeTestTask.java:155)
	at org.junit.platform.engine.support.hierarchical.ThrowableCollector.execute(ThrowableCollector.java:73)
	at org.junit.platform.engine.support.hierarchical.NodeTestTask.lambda$executeRecursively$8(NodeTestTask.java:141)
	at org.junit.platform.engine.support.hierarchical.Node.around(Node.java:137)
	at org.junit.platform.engine.support.hierarchical.NodeTestTask.lambda$executeRecursively$9(NodeTestTask.java:139)
	at org.junit.platform.engine.support.hierarchical.ThrowableCollector.execute(ThrowableCollector.java:73)
	at org.junit.platform.engine.support.hierarchical.NodeTestTask.executeRecursively(NodeTestTask.java:138)
	at org.junit.platform.engine.support.hierarchical.NodeTestTask.execute(NodeTestTask.java:95)
	at org.junit.platform.engine.support.hierarchical.SameThreadHierarchicalTestExecutorService.submit(SameThreadHierarchicalTestExecutorService.java:35)
	at org.junit.platform.engine.support.hierarchical.HierarchicalTestExecutor.execute(HierarchicalTestExecutor.java:57)
	at org.junit.platform.engine.support.hierarchical.HierarchicalTestEngine.execute(HierarchicalTestEngine.java:54)
	at org.junit.platform.launcher.core.EngineExecutionOrchestrator.execute(EngineExecutionOrchestrator.java:108)
	at org.junit.platform.launcher.core.EngineExecutionOrchestrator.execute(EngineExecutionOrchestrator.java:88)
	at org.junit.platform.launcher.core.EngineExecutionOrchestrator.lambda$execute$0(EngineExecutionOrchestrator.java:54)
	at org.junit.platform.launcher.core.EngineExecutionOrchestrator.withInterceptedStreams(EngineExecutionOrchestrator.java:67)
	at org.junit.platform.launcher.core.EngineExecutionOrchestrator.execute(EngineExecutionOrchestrator.java:52)
	at org.junit.platform.launcher.core.DefaultLauncher.execute(DefaultLauncher.java:96)
	at org.junit.platform.launcher.core.DefaultLauncher.execute(DefaultLauncher.java:75)
	at org.gradle.api.internal.tasks.testing.junitplatform.JUnitPlatformTestClassProcessor$CollectAllTestClassesExecutor.processAllTestClasses(JUnitPlatformTestClassProcessor.java:99)
	at org.gradle.api.internal.tasks.testing.junitplatform.JUnitPlatformTestClassProcessor$CollectAllTestClassesExecutor.access$000(JUnitPlatformTestClassProcessor.java:79)
	at org.gradle.api.internal.tasks.testing.junitplatform.JUnitPlatformTestClassProcessor.stop(JUnitPlatformTestClassProcessor.java:75)
	at org.gradle.api.internal.tasks.testing.SuiteTestClassProcessor.stop(SuiteTestClassProcessor.java:61)
	at sun.reflect.NativeMethodAccessorImpl.invoke0(Native Method)
	at sun.reflect.NativeMethodAccessorImpl.invoke(NativeMethodAccessorImpl.java:62)
	at sun.reflect.DelegatingMethodAccessorImpl.invoke(DelegatingMethodAccessorImpl.java:43)
	at java.lang.reflect.Method.invoke(Method.java:498)
	at org.gradle.internal.dispatch.ReflectionDispatch.dispatch(ReflectionDispatch.java:36)
	at org.gradle.internal.dispatch.ReflectionDispatch.dispatch(ReflectionDispatch.java:24)
	at org.gradle.internal.dispatch.ContextClassLoaderDispatch.dispatch(ContextClassLoaderDispatch.java:33)
	at org.gradle.internal.dispatch.ProxyDispatchAdapter$DispatchingInvocationHandler.invoke(ProxyDispatchAdapter.java:94)
	at com.sun.proxy.$Proxy2.stop(Unknown Source)
	at org.gradle.api.internal.tasks.testing.worker.TestWorker.stop(TestWorker.java:135)
	at sun.reflect.NativeMethodAccessorImpl.invoke0(Native Method)
	at sun.reflect.NativeMethodAccessorImpl.invoke(NativeMethodAccessorImpl.java:62)
	at sun.reflect.DelegatingMethodAccessorImpl.invoke(DelegatingMethodAccessorImpl.java:43)
	at java.lang.reflect.Method.invoke(Method.java:498)
	at org.gradle.internal.dispatch.ReflectionDispatch.dispatch(ReflectionDispatch.java:36)
	at org.gradle.internal.dispatch.ReflectionDispatch.dispatch(ReflectionDispatch.java:24)
	at org.gradle.internal.remote.internal.hub.MessageHubBackedObjectConnection$DispatchWrapper.dispatch(MessageHubBackedObjectConnection.java:182)
	at org.gradle.internal.remote.internal.hub.MessageHubBackedObjectConnection$DispatchWrapper.dispatch(MessageHubBackedObjectConnection.java:164)
	at org.gradle.internal.remote.internal.hub.MessageHub$Handler.run(MessageHub.java:414)
	at org.gradle.internal.concurrent.ExecutorPolicy$CatchAndRecordFailures.onExecute(ExecutorPolicy.java:64)
	at org.gradle.internal.concurrent.ManagedExecutorImpl$1.run(ManagedExecutorImpl.java:48)
	at java.util.concurrent.ThreadPoolExecutor.runWorker(ThreadPoolExecutor.java:1149)
	at java.util.concurrent.ThreadPoolExecutor$Worker.run(ThreadPoolExecutor.java:624)
	at org.gradle.internal.concurrent.ThreadFactoryImpl$ManagedThreadRunnable.run(ThreadFactoryImpl.java:56)
	at java.lang.Thread.run(Thread.java:748)
Caused by: org.openqa.selenium.ElementClickInterceptedException: element click intercepted: Element &lt;div class=&quot; css-2b097c-container&quot; id=&quot;state&quot;&gt;...&lt;/div&gt; is not clickable at point (613, 662). Other element would receive the click: &lt;iframe id=&quot;google_ads_iframe_/21849154601,22343295815/Ad.Plus-Anchor_0&quot; title=&quot;3rd party ad content&quot; name=&quot;google_ads_iframe_/21849154601,22343295815/Ad.Plus-Anchor_0&quot; width=&quot;970&quot; height=&quot;100&quot; scrolling=&quot;no&quot; marginwidth=&quot;0&quot; marginheight=&quot;0&quot; frameborder=&quot;0&quot; sandbox=&quot;allow-forms allow-popups allow-popups-to-escape-sandbox allow-same-origin allow-scripts allow-top-navigation-by-user-activation&quot; srcdoc=&quot;&quot; data-google-container-id=&quot;1&quot; style=&quot;border: 0px; vertical-align: bottom;&quot; data-load-complete=&quot;true&quot;&gt;&lt;/iframe&gt;
  (Session info: chrome=95.0.4638.54)
Build info: version: '4.0.0', revision: '3a21814679'
System info: host: 'CPX-R1WAMCSDQ26', ip: '191.1.151.171', os.name: 'Windows 10', os.arch: 'amd64', os.version: '10.0', java.version: '1.8.0_301'
Driver info: org.openqa.selenium.chrome.ChromeDriver
Command: [750326df7d72140201a8efc8fb5f6657, clickElement {id=63ab2154-94f8-4bd8-80b5-c146d07a18b7}]
Capabilities {acceptInsecureCerts: true, browserName: chrome, browserVersion: 95.0.4638.54, chrome: {chromedriverVersion: 95.0.4638.54 (d31a821ec901f..., userDataDir: C:\Users\VIKTOR~1.KLI\AppDa...}, goog:chromeOptions: {debuggerAddress: localhost:59558}, javascriptEnabled: true, networkConnectionEnabled: false, pageLoadStrategy: normal, platform: WINDOWS, platformName: WINDOWS, proxy: Proxy(), se:cdp: ws://localhost:59558/devtoo..., se:cdpVersion: 95.0.4638.54, setWindowRect: true, strictFileInteractability: false, timeouts: {implicit: 0, pageLoad: 300000, script: 30000}, unhandledPromptBehavior: dismiss and notify, webauthn:extension:credBlob: true, webauthn:extension:largeBlob: true, webauthn:virtualAuthenticators: true}
Element: [[ChromeDriver: chrome on WINDOWS (750326df7d72140201a8efc8fb5f6657)] -&gt; css selector: #state]
Session ID: 750326df7d72140201a8efc8fb5f6657
	at sun.reflect.NativeConstructorAccessorImpl.newInstance0(Native Method)
	at sun.reflect.NativeConstructorAccessorImpl.newInstance(NativeConstructorAccessorImpl.java:62)
	at sun.reflect.DelegatingConstructorAccessorImpl.newInstance(DelegatingConstructorAccessorImpl.java:45)
	at java.lang.reflect.Constructor.newInstance(Constructor.java:423)
	at org.openqa.selenium.remote.codec.w3c.W3CHttpResponseCodec.createException(W3CHttpResponseCodec.java:200)
	at org.openqa.selenium.remote.codec.w3c.W3CHttpResponseCodec.decode(W3CHttpResponseCodec.java:133)
	at org.openqa.selenium.remote.codec.w3c.W3CHttpResponseCodec.decode(W3CHttpResponseCodec.java:53)
	at org.openqa.selenium.remote.HttpCommandExecutor.execute(HttpCommandExecutor.java:184)
	at org.openqa.selenium.remote.service.DriverCommandExecutor.invokeExecute(DriverCommandExecutor.java:164)
	at org.openqa.selenium.remote.service.DriverCommandExecutor.execute(DriverCommandExecutor.java:139)
	at org.openqa.selenium.remote.RemoteWebDriver.execute(RemoteWebDriver.java:559)
	at org.openqa.selenium.remote.RemoteWebElement.execute(RemoteWebElement.java:251)
	at org.openqa.selenium.remote.RemoteWebElement.click(RemoteWebElement.java:77)
	at com.codeborne.selenide.commands.Click.click(Click.java:46)
	at com.codeborne.selenide.commands.Click.execute(Click.java:27)
	at com.codeborne.selenide.commands.Click.execute(Click.java:16)
	at com.codeborne.selenide.commands.Commands.execute(Commands.java:157)
	at com.codeborne.selenide.impl.SelenideElementProxy.dispatchAndRetry(SelenideElementProxy.java:134)
	... 93 more
</failure>
  </testcase>
  <system-out><![CDATA[]]></system-out>
  <system-err><![CDATA[SLF4J: Failed to load class "org.slf4j.impl.StaticLoggerBinder".
SLF4J: Defaulting to no-operation (NOP) logger implementation
SLF4J: See http://www.slf4j.org/codes.html#StaticLoggerBinder for further details.
Starting ChromeDriver 95.0.4638.54 (d31a821ec901f68d0d34ccdbaea45b4c86ce543e-refs/branch-heads/4638@{#871}) on port 58345
Only local connections are allowed.
Please see https://chromedriver.chromium.org/security-considerations for suggestions on keeping ChromeDriver safe.
ChromeDriver was started successfully.
окт 30, 2021 3:29:58 AM org.openqa.selenium.remote.ProtocolHandshake createSession
INFO: Detected dialect: W3C
окт 30, 2021 3:29:58 AM org.openqa.selenium.devtools.CdpVersionFinder findNearestMatch
INFO: Found exact CDP implementation for version 95
]]></system-err>
</testsuite>
